<?xml version="1.0" encoding="UTF-8"?>
<testsuite xmlns:xsi="http://www.w3.org/2001/XMLSchema-instance" xsi:noNamespaceSchemaLocation="https://maven.apache.org/surefire/maven-surefire-plugin/xsd/surefire-test-report-3.0.xsd" version="3.0" name="com.mongo.SaberPro.SaberPro1ApplicationTests" time="2.786" tests="1" errors="0" skipped="0" failures="0">
  <properties>
[...]
</properties>
  <testcase name="contextLoads" classname="com.mongo.SaberPro.SaberPro1ApplicationTests" time="0.663">
    <system-out><![CDATA[14:26:05.935 [main] INFO org.springframework.test.context.support.AnnotationConfigContextLoaderUtils -- Could not detect default configuration classes for test class [com.mongo.SaberPro.SaberPro1ApplicationTests]: SaberPro1ApplicationTests does not declare any static, non-private, non-final, nested classes annotated with @Configuration.
14:26:06.011 [main] INFO org.springframework.boot.test.context.SpringBootTestContextBootstrapper -- Found @SpringBootConfiguration com.mongo.SaberPro.SaberPro1Application for test class com.mongo.SaberPro.SaberPro1ApplicationTests
14:26:06.141 [main] INFO org.springframework.boot.devtools.restart.RestartApplicationListener -- Restart disabled due to context in which it is running

  .   ____          _            __ _ _
 /\\ / ___'_ __ _ _(_)_ __  __ _ \ \ \ \
( ( )\___ | '_ | '_| | '_ \/ _` | \ \ \ \
 \\/  ___)| |_)| | | | | || (_| |  ) ) ) )
  '  |____| .__|_| |_|_| |_\__, | / / / /
 =========|_|==============|___/=/_/_/_/

 :: Spring Boot ::                (v3.3.4)

2024-10-21T14:26:06.336-05:00  INFO 10488 --- [SaberPro-1] [           main] c.m.SaberPro.SaberPro1ApplicationTests   : Starting SaberPro1ApplicationTests using Java 21.0.4 with PID 10488 (started by usuario in C:\Users\usuario\Desktop\Trabajos Springboot\SaberPro-1)
2024-10-21T14:26:06.337-05:00  INFO 10488 --- [SaberPro-1] [           main] c.m.SaberPro.SaberPro1ApplicationTests   : No active profile set, falling back to 1 default profile: "default"
2024-10-21T14:26:06.796-05:00  INFO 10488 --- [SaberPro-1] [           main] .s.d.r.c.RepositoryConfigurationDelegate : Bootstrapping Spring Data MongoDB repositories in DEFAULT mode.
2024-10-21T14:26:06.838-05:00  INFO 10488 --- [SaberPro-1] [           main] .s.d.r.c.RepositoryConfigurationDelegate : Finished Spring Data repository scanning in 39 ms. Found 3 MongoDB repository interfaces.
2024-10-21T14:26:07.174-05:00  INFO 10488 --- [SaberPro-1] [qg8.mongodb.net] org.mongodb.driver.cluster               : Adding discovered server cluster0-shard-00-01.uzqg8.mongodb.net:27017 to client view of cluster
2024-10-21T14:26:07.194-05:00  INFO 10488 --- [SaberPro-1] [           main] org.mongodb.driver.client                : MongoClient with metadata {"driver": {"name": "mongo-java-driver|sync|spring-boot", "version": "5.0.1"}, "os": {"type": "Windows", "name": "Windows 10", "architecture": "amd64", "version": "10.0"}, "platform": "Java/Eclipse Adoptium/21.0.4+7-LTS"} created with settings MongoClientSettings{readPreference=primary, writeConcern=WriteConcern{w=null, wTimeout=null ms, journal=null}, retryWrites=true, retryReads=true, readConcern=ReadConcern{level=null}, credential=MongoCredential{mechanism=null, userName='Aguiladelmal', source='admin', password=<hidden>, mechanismProperties=<hidden>}, transportSettings=null, commandListeners=[], codecRegistry=ProvidersCodecRegistry{codecProviders=[ValueCodecProvider{}, BsonValueCodecProvider{}, DBRefCodecProvider{}, DBObjectCodecProvider{}, DocumentCodecProvider{}, CollectionCodecProvider{}, IterableCodecProvider{}, MapCodecProvider{}, GeoJsonCodecProvider{}, GridFSFileCodecProvider{}, Jsr310CodecProvider{}, JsonObjectCodecProvider{}, BsonCodecProvider{}, EnumCodecProvider{}, com.mongodb.client.model.mql.ExpressionCodecProvider@f5a7226, com.mongodb.Jep395RecordCodecProvider@519c6fcc, com.mongodb.KotlinCodecProvider@6ad1701a]}, loggerSettings=LoggerSettings{maxDocumentLength=1000}, clusterSettings={hosts=[127.0.0.1:27017], srvHost=cluster0.uzqg8.mongodb.net, srvServiceName=mongodb, mode=MULTIPLE, requiredClusterType=REPLICA_SET, requiredReplicaSetName='atlas-advg61-shard-0', serverSelector='null', clusterListeners='[]', serverSelectionTimeout='30000 ms', localThreshold='15 ms'}, socketSettings=SocketSettings{connectTimeoutMS=10000, readTimeoutMS=0, receiveBufferSize=0, proxySettings=ProxySettings{host=null, port=null, username=null, password=null}}, heartbeatSocketSettings=SocketSettings{connectTimeoutMS=10000, readTimeoutMS=10000, receiveBufferSize=0, proxySettings=ProxySettings{host=null, port=null, username=null, password=null}}, connectionPoolSettings=ConnectionPoolSettings{maxSize=100, minSize=0, maxWaitTimeMS=120000, maxConnectionLifeTimeMS=0, maxConnectionIdleTimeMS=0, maintenanceInitialDelayMS=0, maintenanceFrequencyMS=60000, connectionPoolListeners=[], maxConnecting=2}, serverSettings=ServerSettings{heartbeatFrequencyMS=10000, minHeartbeatFrequencyMS=500, serverListeners='[]', serverMonitorListeners='[]'}, sslSettings=SslSettings{enabled=true, invalidHostNameAllowed=false, context=null}, applicationName='null', compressorList=[], uuidRepresentation=JAVA_LEGACY, serverApi=null, autoEncryptionSettings=null, dnsClient=null, inetAddressResolver=null, contextProvider=null}
2024-10-21T14:26:07.199-05:00  INFO 10488 --- [SaberPro-1] [qg8.mongodb.net] org.mongodb.driver.cluster               : Adding discovered server cluster0-shard-00-00.uzqg8.mongodb.net:27017 to client view of cluster
2024-10-21T14:26:07.202-05:00  INFO 10488 --- [SaberPro-1] [qg8.mongodb.net] org.mongodb.driver.cluster               : Adding discovered server cluster0-shard-00-02.uzqg8.mongodb.net:27017 to client view of cluster
2024-10-21T14:26:07.616-05:00  INFO 10488 --- [SaberPro-1] [           main] o.s.b.a.w.s.WelcomePageHandlerMapping    : Adding welcome page template: index
2024-10-21T14:26:07.905-05:00  INFO 10488 --- [SaberPro-1] [           main] c.m.SaberPro.SaberPro1ApplicationTests   : Started SaberPro1ApplicationTests in 1.775 seconds (process running for 2.691)
2024-10-21T14:26:07.965-05:00  INFO 10488 --- [SaberPro-1] [ngodb.net:27017] org.mongodb.driver.cluster               : Monitor thread successfully connected to server with description ServerDescription{address=cluster0-shard-00-01.uzqg8.mongodb.net:27017, type=REPLICA_SET_PRIMARY, state=CONNECTED, ok=true, minWireVersion=0, maxWireVersion=21, maxDocumentSize=16777216, logicalSessionTimeoutMinutes=30, roundTripTimeNanos=492961400, setName='atlas-advg61-shard-0', canonicalAddress=cluster0-shard-00-01.uzqg8.mongodb.net:27017, hosts=[cluster0-shard-00-02.uzqg8.mongodb.net:27017, cluster0-shard-00-00.uzqg8.mongodb.net:27017, cluster0-shard-00-01.uzqg8.mongodb.net:27017], passives=[], arbiters=[], primary='cluster0-shard-00-01.uzqg8.mongodb.net:27017', tagSet=TagSet{[Tag{name='availabilityZone', value='sae1-az3'}, Tag{name='diskState', value='READY'}, Tag{name='nodeType', value='ELECTABLE'}, Tag{name='provider', value='AWS'}, Tag{name='region', value='SA_EAST_1'}, Tag{name='workloadType', value='OPERATIONAL'}]}, electionId=7fffffff0000000000000017, setVersion=7, topologyVersion=TopologyVersion{processId=6707f02c826ee09f1067086d, counter=6}, lastWriteDate=Mon Oct 21 14:26:06 COT 2024, lastUpdateTimeNanos=182115895844800}
2024-10-21T14:26:07.965-05:00  INFO 10488 --- [SaberPro-1] [ngodb.net:27017] org.mongodb.driver.cluster               : Monitor thread successfully connected to server with description ServerDescription{address=cluster0-shard-00-02.uzqg8.mongodb.net:27017, type=REPLICA_SET_SECONDARY, state=CONNECTED, ok=true, minWireVersion=0, maxWireVersion=21, maxDocumentSize=16777216, logicalSessionTimeoutMinutes=30, roundTripTimeNanos=501872000, setName='atlas-advg61-shard-0', canonicalAddress=cluster0-shard-00-02.uzqg8.mongodb.net:27017, hosts=[cluster0-shard-00-02.uzqg8.mongodb.net:27017, cluster0-shard-00-00.uzqg8.mongodb.net:27017, cluster0-shard-00-01.uzqg8.mongodb.net:27017], passives=[], arbiters=[], primary='cluster0-shard-00-01.uzqg8.mongodb.net:27017', tagSet=TagSet{[Tag{name='availabilityZone', value='sae1-az2'}, Tag{name='diskState', value='READY'}, Tag{name='nodeType', value='ELECTABLE'}, Tag{name='provider', value='AWS'}, Tag{name='region', value='SA_EAST_1'}, Tag{name='workloadType', value='OPERATIONAL'}]}, electionId=null, setVersion=7, topologyVersion=TopologyVersion{processId=6707f2af22a2c2701e95d679, counter=3}, lastWriteDate=Mon Oct 21 14:26:06 COT 2024, lastUpdateTimeNanos=182115895292000}
2024-10-21T14:26:07.965-05:00  INFO 10488 --- [SaberPro-1] [ngodb.net:27017] org.mongodb.driver.cluster               : Monitor thread successfully connected to server with description ServerDescription{address=cluster0-shard-00-00.uzqg8.mongodb.net:27017, type=REPLICA_SET_SECONDARY, state=CONNECTED, ok=true, minWireVersion=0, maxWireVersion=21, maxDocumentSize=16777216, logicalSessionTimeoutMinutes=30, roundTripTimeNanos=489093300, setName='atlas-advg61-shard-0', canonicalAddress=cluster0-shard-00-00.uzqg8.mongodb.net:27017, hosts=[cluster0-shard-00-02.uzqg8.mongodb.net:27017, cluster0-shard-00-00.uzqg8.mongodb.net:27017, cluster0-shard-00-01.uzqg8.mongodb.net:27017], passives=[], arbiters=[], primary='cluster0-shard-00-01.uzqg8.mongodb.net:27017', tagSet=TagSet{[Tag{name='availabilityZone', value='sae1-az1'}, Tag{name='diskState', value='READY'}, Tag{name='nodeType', value='ELECTABLE'}, Tag{name='provider', value='AWS'}, Tag{name='region', value='SA_EAST_1'}, Tag{name='workloadType', value='OPERATIONAL'}]}, electionId=null, setVersion=7, topologyVersion=TopologyVersion{processId=6707ee0537a67277d85ae703, counter=4}, lastWriteDate=Mon Oct 21 14:26:06 COT 2024, lastUpdateTimeNanos=182115896223200}
2024-10-21T14:26:07.968-05:00  INFO 10488 --- [SaberPro-1] [ngodb.net:27017] org.mongodb.driver.cluster               : Discovered replica set primary cluster0-shard-00-01.uzqg8.mongodb.net:27017 with max election id 7fffffff0000000000000017 and max set version 7
]]></system-out>
    <system-err><![CDATA[WARNING: A Java agent has been loaded dynamically (C:\Users\usuario\.m2\repository\net\bytebuddy\byte-buddy-agent\1.14.19\byte-buddy-agent-1.14.19.jar)
WARNING: If a serviceability tool is in use, please run with -XX:+EnableDynamicAgentLoading to hide this warning
WARNING: If a serviceability tool is not in use, please run with -Djdk.instrument.traceUsage for more information
WARNING: Dynamic loading of agents will be disallowed by default in a future release
]]></system-err>
  </testcase>
</testsuite>